2022-Jan-02
[2022-Jan-02 14:19:16]  User #9 : GET /Timhandhill-Human/big/class/Commoner
[2022-Jan-02 14:19:26]  User #10 : GET /Timhandhill-Human/big/class/Commoner
[2022-Jan-02 14:19:32]  User #11 : GET /favicon.ico
[2022-Jan-02 14:20:42]  User #12 : GET /favicon.ico
[2022-Jan-02 14:20:47]  User #12 : GET /favicon.ico
[2022-Jan-02 14:20:51]  User #12 : GET /favicon.ico
[2022-Jan-02 14:20:51]  User #12 : GET /favicon.ico
[2022-Jan-02 14:20:53]  User #12 : GET /favicon.ico
[2022-Jan-02 14:20:58]  User #12 : GET /
[2022-Jan-02 14:21:03]  User #12 : POST /
[2022-Jan-02 14:21:04]  User #12 : GET /town/sdfs/tiny
[2022-Jan-02 14:21:14]  User #12 : GET /town/sdfs-Human/tiny
[2022-Jan-02 14:22:31]  User #13 : GET /town/sdfs-Human/tiny
[2022-Jan-02 14:27:19]  User #14 : GET /town/sdfs-Human/tiny
[2022-Jan-02 14:27:24]  User #14 : GET /town/sdfs-Human/tiny
[2022-Jan-02 14:27:29]  User #14 : GET /sdfs-Human/tiny/class/Commoner
[2022-Jan-02 14:27:29]  User #14 : GET /sdfs-Human/tiny/class/Commoner/0
[2022-Jan-02 14:27:37]  User #14 : GET /sdfs-Elf/tiny/class/Commoner/0
[2022-Jan-02 14:27:55]  User #14 : GET /sdfs-Orc/tiny/class/Commoner/0
[2022-Jan-02 14:30:59]  User #14 : GET /town/sdfs-Orc/tiny
[2022-Jan-02 14:31:05]  User #14 : GET /town/sdfs-Dwarf/tiny
[2022-Jan-02 14:31:49]  User #14 : GET /sdfs-Dwarf/tiny/class/Commoner
[2022-Jan-02 14:31:49]  User #14 : GET /sdfs-Dwarf/tiny/class/Commoner/0
[2022-Jan-02 14:45:02]  User #15 : GET /sdfs-Dwarf/tiny/class/Commoner/0
[2022-Jan-02 14:45:18]  User #16 : GET /favicon.ico
[2022-Jan-02 14:45:21]  User #16 : GET /favicon.ico
[2022-Jan-02 14:46:15]  User #17 : GET /favicon.ico
[2022-Jan-02 14:46:22]  User #17 : GET /favicon.ico
[2022-Jan-02 14:46:35]  User #17 : GET /
[2022-Jan-02 14:46:40]  User #17 : POST /
[2022-Jan-02 14:46:40]  User #17 : GET /town/testw/tiny
[2022-Jan-02 14:49:07]  User #18 : GET /sdfs-Orc/tiny/class/Commoner/0
[2022-Jan-02 14:58:15]  User #19 : GET /sdfs-Elf/tiny/class/Commoner/0
[2022-Jan-02 14:59:01]  User #20 : GET /sdfs-Elf/tiny/class/Commoner/0
[2022-Jan-02 14:59:10]  User #21 : GET /sdfs-Elf/tiny/class/Commoner/0
[2022-Jan-02 15:00:07]  User #22 : GET /sdfs-Elf/tiny/class/Commoner/0
[2022-Jan-02 15:00:22]  User #22 : GET /sdfs-Elf/tiny/npc/0/Commoner/20/0
[2022-Jan-02 15:01:02]  User #23 : GET /sdfs-Elf/tiny/npc/0/Commoner/20/0
[2022-Jan-02 15:01:45]  User #24 : GET /sdfs-Elf/tiny/npc/0/Commoner/20/0
[2022-Jan-02 15:02:21]  User #25 : GET /sdfs-Elf/tiny/npc/0/Commoner/20/0
[2022-Jan-02 15:02:51]  User #26 : GET /sdfs-Elf/tiny/npc/0/Commoner/20/0
[2022-Jan-02 15:03:00]  User #26 : GET /town/sdfs-Elf/tiny
[2022-Jan-02 15:03:01]  User #26 : GET /sdfs-Elf/tiny/class/Commoner
[2022-Jan-02 15:03:02]  User #26 : GET /sdfs-Elf/tiny/class/Commoner/0
[2022-Jan-02 15:06:34]  User #26 : GET /sdfs-Elf/tiny/npc/0/Commoner/26/0
[2022-Jan-02 15:06:36]  User #26 : GET /sdfs-Elf/tiny/npc/0/Commoner/26/1
[2022-Jan-02 15:07:12]  User #26 : GET /sdfs-Dwarf/tiny/npc/0/Commoner/26/1
[2022-Jan-02 15:07:16]  User #26 : GET /town/sdfs-Dwarf/tiny
[2022-Jan-02 15:07:21]  User #26 : GET /sdfs-Dwarf/tiny/class/Commoner
[2022-Jan-02 15:07:21]  User #26 : GET /sdfs-Dwarf/tiny/class/Commoner/0
[2022-Jan-02 15:07:36]  User #26 : GET /sdfs-Dwarf/tiny/npc/0/Commoner/16/0
[2022-Jan-02 15:07:41]  User #26 : GET /sdfs-Dwarf/tiny/tavern/0/0
[2022-Jan-02 15:07:48]  User #26 : GET /sdfs-Dwarf/tiny/npc/0/Barkeep/0/0
[2022-Jan-02 15:07:50]  User #26 : GET /sdfs-Dwarf/tiny/class/Barkeep
[2022-Jan-02 15:07:56]  User #26 : GET /sdfs-Dwarf/tiny/npc/0/Barkeep/0/0
[2022-Jan-02 15:08:31]  User #26 : GET /town/Bozggor-Orkish/average
[2022-Jan-02 15:09:44]  User #26 : GET /town/Babunar-Dwarf/big
[2022-Jan-02 15:09:56]  User #26 : GET /Babunar-Dwarf/big/class/Commoner
[2022-Jan-02 15:09:56]  User #26 : GET /Babunar-Dwarf/big/class/Commoner/0
[2022-Jan-02 15:10:10]  User #26 : GET /Babunar-Dwarf/big/npc/0/Commoner/16/0
[2022-Jan-02 15:10:29]  User #26 : GET /Babunar-Dwarf/big/tavern/0/0
[2022-Jan-02 15:10:31]  User #26 : GET /Babunar-Dwarf/big/npc/0/Barkeep/0/0
[2022-Jan-02 15:10:33]  User #26 : GET /Babunar-Dwarf/big/class/Barkeep
[2022-Jan-02 15:10:33]  User #26 : GET /Babunar-Dwarf/big/class/Barkeep/0
[2022-Jan-02 15:10:43]  User #26 : GET /Babunar-Dwarf/big/npc/36/Barkeep/0/0
[2022-Jan-02 15:11:37]  User #26 : GET /Babunar-Dwarf/big/npc/36/Barkeep/0/1
[2022-Jan-02 15:29:54]  User #26 : GET /town/Gathargun-Dwarf/medium
[2022-Jan-02 15:29:58]  User #26 : GET /Gathargun-Dwarf/medium/class/Commoner
[2022-Jan-02 15:29:59]  User #26 : GET /Gathargun-Dwarf/medium/class/Commoner/0
[2022-Jan-02 15:30:09]  User #26 : GET /Gathargun-Dwarf/medium/npc/0/Commoner/4/0
[2022-Jan-02 15:30:15]  User #26 : GET /Gathargun-Dwarf/medium/tavern/0/0
[2022-Jan-02 15:30:31]  User #26 : GET /Gathargun-Dwarf/medium/npc/0/Barkeep/0/0
